Here are the files other than vendor files, so far:

├── LICENSE
├── build
├── client
│   ├── css
│   │   └── login.css
│   ├── header.tmpl
│   ├── img
│   │   └── favicon.ico
│   ├── index.html
│   ├── js
│   │   ├── funtodone.jsx
│   │   ├── login-register.jsx
│   │   ├── login.js
│   │   ├── navbar.jsx
│   │   └── todo-outline.jsx
│   ├── nginx.txt
│   └── run
├── data
│   ├── lists
│   │   └── funtodone
│   │       └── schema.notes
│   └── stacks
│       └── funtodone.json
├── f2d
│   ├── funtodone
│   ├── library_test.go
│   ├── main.go
│   ├── task.json
│   └── to_run_test.md
├── funtodone
│   ├── README.md
│   ├── model
│   │   ├── README.md
│   │   ├── model.go
│   │   ├── model_persist.go
│   │   └── model_test.go
│   └── service
│       └── api.go
├── run
├── source_me
├── start-atom
├── tree.out
└── vscode

12 directories, 31 files
